c:\users\marissa\documents\github\facemapping\facescan\build\intermediate\x32\debug_dx\v120\vc120.pdb
c:\users\marissa\documents\github\facemapping\facescan\bin\v120\x32\facescandx_d.ilk
c:\users\marissa\documents\github\facemapping\facescan\bin\v120\x32\facescandx_d.exe
c:\users\marissa\documents\github\facemapping\facescan\bin\v120\x32\facescandx_d.pdb
c:\users\marissa\documents\github\facemapping\facescan\build\intermediate\x32\debug_dx\v120\cfacemodel.obj
c:\users\marissa\documents\github\facemapping\facescan\build\intermediate\x32\debug_dx\v120\gamefacescan.obj
c:\users\marissa\documents\github\facemapping\facescan\build\intermediate\x32\debug_dx\v120\menucontroller.obj
c:\users\marissa\documents\github\facemapping\facescan\build\intermediate\x32\debug_dx\v120\menuglob.obj
c:\users\marissa\documents\github\facemapping\facescan\build\intermediate\x32\debug_dx\v120\menu_facemapping.obj
c:\users\marissa\documents\github\facemapping\facescan\build\intermediate\x32\debug_dx\v120\menu_facescanpreview.obj
c:\users\marissa\documents\github\facemapping\facescan\build\intermediate\x32\debug_dx\v120\menu_scan.obj
c:\users\marissa\documents\github\facemapping\facescan\build\intermediate\x32\debug_dx\v120\objloader.obj
c:\users\marissa\documents\github\facemapping\facescan\build\intermediate\x32\debug_dx\v120\samplestart.obj
c:\users\marissa\documents\github\facemapping\facescan\build\intermediate\x32\debug_dx\v120\sampleutil.obj
c:\users\marissa\documents\github\facemapping\facescan\build\intermediate\x32\debug_dx\v120\uvremaputils.obj
c:\users\marissa\documents\github\facemapping\facescan\build\intermediate\x32\debug_dx\v120\windowsmain.obj
c:\users\marissa\documents\github\facemapping\facescan\build\intermediate\x32\debug_dx\v120\vc120.idb
c:\users\marissa\documents\github\facemapping\facescan\build\intermediate\x32\debug_dx\v120\facescandx.tlog\cl.command.1.tlog
c:\users\marissa\documents\github\facemapping\facescan\build\intermediate\x32\debug_dx\v120\facescandx.tlog\cl.read.1.tlog
c:\users\marissa\documents\github\facemapping\facescan\build\intermediate\x32\debug_dx\v120\facescandx.tlog\cl.write.1.tlog
c:\users\marissa\documents\github\facemapping\facescan\build\intermediate\x32\debug_dx\v120\facescandx.tlog\link.command.1.tlog
c:\users\marissa\documents\github\facemapping\facescan\build\intermediate\x32\debug_dx\v120\facescandx.tlog\link.read.1.tlog
c:\users\marissa\documents\github\facemapping\facescan\build\intermediate\x32\debug_dx\v120\facescandx.tlog\link.write.1.tlog
